2025-08-04 17:30:43,599 - INFO - Starting NEPSE RSI Analysis
2025-08-04 17:30:43,600 - INFO - Step 1/6: Fetching all stock symbols
2025-08-04 17:30:43,600 - INFO - Fetching all symbols from SectorScrips API
2025-08-04 17:30:44,344 - INFO - Request to https://nepseapi.surajrimal.dev/SectorScrips - Status: 200
2025-08-04 17:30:44,346 - INFO - Found 524 symbols across 14 sectors
2025-08-04 17:30:44,346 - INFO - Step 2/6: Fetching today's market data
2025-08-04 17:31:14,918 - WARNING - Request failed on attempt 1: HTTPSConnectionPool(host='nepseapi.surajrimal.dev', port=443): Read timed out. (read timeout=30)
2025-08-04 17:31:14,920 - INFO - Retrying in 2 seconds...
2025-08-04 17:31:47,501 - WARNING - Request failed on attempt 2: HTTPSConnectionPool(host='nepseapi.surajrimal.dev', port=443): Read timed out. (read timeout=30)
2025-08-04 17:31:47,502 - INFO - Retrying in 2 seconds...
2025-08-04 17:32:20,078 - WARNING - Request failed on attempt 3: HTTPSConnectionPool(host='nepseapi.surajrimal.dev', port=443): Read timed out. (read timeout=30)
2025-08-04 17:32:20,078 - ERROR - All attempts failed for endpoint: /PriceVolume
2025-08-04 17:32:20,079 - ERROR - Failed to get today's market data. Exiting.
2025-08-04 17:32:47,046 - INFO - Starting NEPSE RSI Analysis
2025-08-04 17:32:47,047 - INFO - Step 1/6: Fetching all stock symbols
2025-08-04 17:32:47,047 - INFO - Fetching all symbols from SectorScrips API
2025-08-04 17:32:47,791 - INFO - Request to https://nepseapi.surajrimal.dev/SectorScrips - Status: 200
2025-08-04 17:32:47,795 - INFO - Found 524 symbols across 14 sectors
2025-08-04 17:32:47,795 - INFO - Step 2/6: Fetching today's market data
2025-08-04 17:34:28,445 - INFO - Request to https://nepseapi.surajrimal.dev/PriceVolume - Status: 524
2025-08-04 17:34:28,446 - WARNING - Timeout error (524) on attempt 1
2025-08-04 17:34:28,446 - INFO - Retrying in 2 seconds...
2025-08-04 17:36:11,100 - INFO - Request to https://nepseapi.surajrimal.dev/PriceVolume - Status: 524
2025-08-04 17:36:11,101 - WARNING - Timeout error (524) on attempt 2
2025-08-04 17:36:11,101 - INFO - Retrying in 2 seconds...
2025-08-04 17:37:53,869 - INFO - Request to https://nepseapi.surajrimal.dev/PriceVolume - Status: 524
2025-08-04 17:37:53,869 - WARNING - Timeout error (524) on attempt 3
2025-08-04 17:37:53,870 - ERROR - All attempts failed for endpoint: /PriceVolume
2025-08-04 17:37:53,872 - ERROR - Failed to get today's market data. Exiting.
2025-08-04 19:42:16,146 - INFO - Starting NEPSE RSI Analysis
2025-08-04 19:42:16,148 - INFO - Step 1/6: Fetching all stock symbols
2025-08-04 19:42:16,148 - INFO - Fetching all symbols from SectorScrips API
2025-08-04 19:42:17,161 - INFO - Request to https://nepseapi.surajrimal.dev/SectorScrips - Status: 200
2025-08-04 19:42:17,166 - INFO - Found 524 symbols across 14 sectors
2025-08-04 19:42:17,167 - INFO - Step 2/6: Fetching today's market data
2025-08-04 19:43:58,417 - INFO - Request to https://nepseapi.surajrimal.dev/PriceVolume - Status: 524
2025-08-04 19:43:58,419 - WARNING - Timeout error (524) on attempt 1
2025-08-04 19:43:58,420 - INFO - Retrying in 2 seconds...
2025-08-04 19:45:42,640 - INFO - Request to https://nepseapi.surajrimal.dev/PriceVolume - Status: 524
2025-08-04 19:45:42,643 - WARNING - Timeout error (524) on attempt 2
2025-08-04 19:45:42,650 - INFO - Retrying in 2 seconds...
2025-08-04 19:47:25,831 - INFO - Request to https://nepseapi.surajrimal.dev/PriceVolume - Status: 524
2025-08-04 19:47:25,832 - WARNING - Timeout error (524) on attempt 3
2025-08-04 19:47:25,832 - ERROR - All attempts failed for endpoint: /PriceVolume
2025-08-04 19:47:25,836 - ERROR - Failed to get today's market data. Exiting.
